# JRE version: OpenJDK Runtime Environment (8.0_242-b01) (build 1.8.0_242-release-1644-b01)
# Java VM: OpenJDK 64-Bit Server VM (25.242-b01 mixed mode windows-amd64 compressed oops)
Heap:
 PSYoungGen      total 233984K, used 176804K [0x00000000d5580000, 0x00000000e5900000, 0x0000000100000000)
  eden space 218624K, 73% used [0x00000000d5580000,0x00000000df32dca0,0x00000000e2b00000)
  from space 15360K, 99% used [0x00000000e4080000,0x00000000e4f7b5e8,0x00000000e4f80000)
  to   space 22016K, 0% used [0x00000000e2b00000,0x00000000e2b00000,0x00000000e4080000)
 ParOldGen       total 83968K, used 35809K [0x0000000080000000, 0x0000000085200000, 0x00000000d5580000)
  object space 83968K, 42% used [0x0000000080000000,0x00000000822f8560,0x0000000085200000)
 Metaspace       used 65999K, capacity 69242K, committed 69400K, reserved 1110016K
  class space    used 9056K, capacity 9675K, committed 9776K, reserved 1048576K
GC Heap History (10 events):
Event: 9.529 GC heap before
{Heap before GC invocations=13 (full 2):
 PSYoungGen      total 187392K, used 175104K [0x00000000d5580000, 0x00000000e1e00000, 0x0000000100000000)
  eden space 175104K, 100% used [0x00000000d5580000,0x00000000e0080000,0x00000000e0080000)
  from space 12288K, 0% used [0x00000000e0d00000,0x00000000e0d00000,0x00000000e1900000)
  to   space 12800K, 0% used [0x00000000e0080000,0x00000000e0080000,0x00000000e0d00000)
 ParOldGen       total 50688K, used 14642K [0x0000000080000000, 0x0000000083180000, 0x00000000d5580000)
  object space 50688K, 28% used [0x0000000080000000,0x0000000080e4c838,0x0000000083180000)
 Metaspace       used 44148K, capacity 45990K, committed 46376K, reserved 1089536K
  class space    used 5991K, capacity 6363K, committed 6448K, reserved 1048576K
Event: 9.586 GC heap after
Heap after GC invocations=13 (full 2):
 PSYoungGen      total 187904K, used 12770K [0x00000000d5580000, 0x00000000e4f80000, 0x0000000100000000)
  eden space 175104K, 0% used [0x00000000d5580000,0x00000000d5580000,0x00000000e0080000)
  from space 12800K, 99% used [0x00000000e0080000,0x00000000e0cf88d0,0x00000000e0d00000)
  to   space 15360K, 0% used [0x00000000e4080000,0x00000000e4080000,0x00000000e4f80000)
 ParOldGen       total 50688K, used 15930K [0x0000000080000000, 0x0000000083180000, 0x00000000d5580000)
  object space 50688K, 31% used [0x0000000080000000,0x0000000080f8e818,0x0000000083180000)
 Metaspace       used 44148K, capacity 45990K, committed 46376K, reserved 1089536K
  class space    used 5991K, capacity 6363K, committed 6448K, reserved 1048576K
}
Event: 13.602 GC heap before
{Heap before GC invocations=14 (full 2):
 PSYoungGen      total 187904K, used 187874K [0x00000000d5580000, 0x00000000e4f80000, 0x0000000100000000)
  eden space 175104K, 100% used [0x00000000d5580000,0x00000000e0080000,0x00000000e0080000)
  from space 12800K, 99% used [0x00000000e0080000,0x00000000e0cf88d0,0x00000000e0d00000)
  to   space 15360K, 0% used [0x00000000e4080000,0x00000000e4080000,0x00000000e4f80000)
 ParOldGen       total 50688K, used 15930K [0x0000000080000000, 0x0000000083180000, 0x00000000d5580000)
  object space 50688K, 31% used [0x0000000080000000,0x0000000080f8e818,0x0000000083180000)
 Metaspace       used 56209K, capacity 58644K, committed 58920K, reserved 1099776K
  class space    used 7689K, capacity 8196K, committed 8240K, reserved 1048576K
Event: 13.661 GC heap after
Heap after GC invocations=14 (full 2):
 PSYoungGen      total 233984K, used 15351K [0x00000000d5580000, 0x00000000e5900000, 0x0000000100000000)
  eden space 218624K, 0% used [0x00000000d5580000,0x00000000d5580000,0x00000000e2b00000)
  from space 15360K, 99% used [0x00000000e4080000,0x00000000e4f7de90,0x00000000e4f80000)
  to   space 22016K, 0% used [0x00000000e2b00000,0x00000000e2b00000,0x00000000e4080000)
 ParOldGen       total 50688K, used 27797K [0x0000000080000000, 0x0000000083180000, 0x00000000d5580000)
  object space 50688K, 54% used [0x0000000080000000,0x0000000081b255f8,0x0000000083180000)
 Metaspace       used 56209K, capacity 58644K, committed 58920K, reserved 1099776K
  class space    used 7689K, capacity 8196K, committed 8240K, reserved 1048576K
}
Event: 13.890 GC heap before
{Heap before GC invocations=15 (full 2):
 PSYoungGen      total 233984K, used 26704K [0x00000000d5580000, 0x00000000e5900000, 0x0000000100000000)
  eden space 218624K, 5% used [0x00000000d5580000,0x00000000d60961b0,0x00000000e2b00000)
  from space 15360K, 99% used [0x00000000e4080000,0x00000000e4f7de90,0x00000000e4f80000)
  to   space 22016K, 0% used [0x00000000e2b00000,0x00000000e2b00000,0x00000000e4080000)
 ParOldGen       total 50688K, used 27797K [0x0000000080000000, 0x0000000083180000, 0x00000000d5580000)
  object space 50688K, 54% used [0x0000000080000000,0x0000000081b255f8,0x0000000083180000)
 Metaspace       used 56742K, capacity 59114K, committed 59160K, reserved 1099776K
  class space    used 7774K, capacity 8239K, committed 8240K, reserved 1048576K
Event: 13.907 GC heap after
Heap after GC invocations=15 (full 2):
 PSYoungGen      total 240640K, used 896K [0x00000000d5580000, 0x00000000e5900000, 0x0000000100000000)
  eden space 218624K, 0% used [0x00000000d5580000,0x00000000d5580000,0x00000000e2b00000)
  from space 22016K, 4% used [0x00000000e2b00000,0x00000000e2be0000,0x00000000e4080000)
  to   space 15360K, 0% used [0x00000000e4080000,0x00000000e4080000,0x00000000e4f80000)
 ParOldGen       total 50688K, used 40640K [0x0000000080000000, 0x0000000083180000, 0x00000000d5580000)
  object space 50688K, 80% used [0x0000000080000000,0x00000000827b0178,0x0000000083180000)
 Metaspace       used 56742K, capacity 59114K, committed 59160K, reserved 1099776K
  class space    used 7774K, capacity 8239K, committed 8240K, reserved 1048576K
}
Event: 13.907 GC heap before
{Heap before GC invocations=16 (full 3):
 PSYoungGen      total 240640K, used 896K [0x00000000d5580000, 0x00000000e5900000, 0x0000000100000000)
  eden space 218624K, 0% used [0x00000000d5580000,0x00000000d5580000,0x00000000e2b00000)
  from space 22016K, 4% used [0x00000000e2b00000,0x00000000e2be0000,0x00000000e4080000)
  to   space 15360K, 0% used [0x00000000e4080000,0x00000000e4080000,0x00000000e4f80000)
 ParOldGen       total 50688K, used 40640K [0x0000000080000000, 0x0000000083180000, 0x00000000d5580000)
  object space 50688K, 80% used [0x0000000080000000,0x00000000827b0178,0x0000000083180000)
 Metaspace       used 56742K, capacity 59114K, committed 59160K, reserved 1099776K
  class space    used 7774K, capacity 8239K, committed 8240K, reserved 1048576K
Event: 14.129 GC heap after
Heap after GC invocations=16 (full 3):
 PSYoungGen      total 240640K, used 0K [0x00000000d5580000, 0x00000000e5900000, 0x0000000100000000)
  eden space 218624K, 0% used [0x00000000d5580000,0x00000000d5580000,0x00000000e2b00000)
  from space 22016K, 0% used [0x00000000e2b00000,0x00000000e2b00000,0x00000000e4080000)
  to   space 15360K, 0% used [0x00000000e4080000,0x00000000e4080000,0x00000000e4f80000)
 ParOldGen       total 83968K, used 31991K [0x0000000080000000, 0x0000000085200000, 0x00000000d5580000)
  object space 83968K, 38% used [0x0000000080000000,0x0000000081f3df38,0x0000000085200000)
 Metaspace       used 56698K, capacity 58964K, committed 59160K, reserved 1099776K
  class space    used 7760K, capacity 8214K, committed 8240K, reserved 1048576K
}
Event: 19.856 GC heap before
{Heap before GC invocations=17 (full 3):
 PSYoungGen      total 240640K, used 218624K [0x00000000d5580000, 0x00000000e5900000, 0x0000000100000000)
  eden space 218624K, 100% used [0x00000000d5580000,0x00000000e2b00000,0x00000000e2b00000)
  from space 22016K, 0% used [0x00000000e2b00000,0x00000000e2b00000,0x00000000e4080000)
  to   space 15360K, 0% used [0x00000000e4080000,0x00000000e4080000,0x00000000e4f80000)
 ParOldGen       total 83968K, used 31991K [0x0000000080000000, 0x0000000085200000, 0x00000000d5580000)
  object space 83968K, 38% used [0x0000000080000000,0x0000000081f3df38,0x0000000085200000)
 Metaspace       used 64823K, capacity 67900K, committed 67992K, reserved 1107968K
  class space    used 8938K, capacity 9578K, committed 9648K, reserved 1048576K
Event: 19.910 GC heap after
Heap after GC invocations=17 (full 3):
 PSYoungGen      total 233984K, used 15341K [0x00000000d5580000, 0x00000000e5900000, 0x0000000100000000)
  eden space 218624K, 0% used [0x00000000d5580000,0x00000000d5580000,0x00000000e2b00000)
  from space 15360K, 99% used [0x00000000e4080000,0x00000000e4f7b5e8,0x00000000e4f80000)
  to   space 22016K, 0% used [0x00000000e2b00000,0x00000000e2b00000,0x00000000e4080000)
 ParOldGen       total 83968K, used 35809K [0x0000000080000000, 0x0000000085200000, 0x00000000d5580000)
  object space 83968K, 42% used [0x0000000080000000,0x00000000822f8560,0x0000000085200000)
 Metaspace       used 64823K, capacity 67900K, committed 67992K, reserved 1107968K
  class space    used 8938K, capacity 9578K, committed 9648K, reserved 1048576K
}

