# JRE version: OpenJDK Runtime Environment (8.0_242-b01) (build 1.8.0_242-release-1644-b01)
# Java VM: OpenJDK 64-Bit Server VM (25.242-b01 mixed mode windows-amd64 compressed oops)
Heap:
 PSYoungGen      total 268288K, used 77825K [0x00000000d5580000, 0x00000000e8100000, 0x0000000100000000)
  eden space 237056K, 21% used [0x00000000d5580000,0x00000000d881b090,0x00000000e3d00000)
  from space 31232K, 83% used [0x00000000e3d00000,0x00000000e5665558,0x00000000e5b80000)
  to   space 31232K, 0% used [0x00000000e5b80000,0x00000000e5b80000,0x00000000e7a00000)
 ParOldGen       total 129536K, used 57651K [0x0000000080000000, 0x0000000087e80000, 0x00000000d5580000)
  object space 129536K, 44% used [0x0000000080000000,0x000000008384cf60,0x0000000087e80000)
 Metaspace       used 87700K, capacity 92800K, committed 92952K, reserved 1130496K
  class space    used 11846K, capacity 12787K, committed 12848K, reserved 1048576K
GC Heap History (10 events):
Event: 21.471 GC heap before
{Heap before GC invocations=19 (full 3):
 PSYoungGen      total 182272K, used 165888K [0x00000000d5580000, 0x00000000e4e80000, 0x0000000100000000)
  eden space 165888K, 100% used [0x00000000d5580000,0x00000000df780000,0x00000000df780000)
  from space 16384K, 0% used [0x00000000df780000,0x00000000df780000,0x00000000e0780000)
  to   space 17408K, 0% used [0x00000000e3d80000,0x00000000e3d80000,0x00000000e4e80000)
 ParOldGen       total 81408K, used 35986K [0x0000000080000000, 0x0000000084f80000, 0x00000000d5580000)
  object space 81408K, 44% used [0x0000000080000000,0x0000000082324a10,0x0000000084f80000)
 Metaspace       used 64005K, capacity 67104K, committed 67352K, reserved 1107968K
  class space    used 8872K, capacity 9468K, committed 9520K, reserved 1048576K
Event: 21.491 GC heap after
Heap after GC invocations=19 (full 3):
 PSYoungGen      total 220160K, used 15178K [0x00000000d5580000, 0x00000000e4c80000, 0x0000000100000000)
  eden space 204800K, 0% used [0x00000000d5580000,0x00000000d5580000,0x00000000e1d80000)
  from space 15360K, 98% used [0x00000000e3d80000,0x00000000e4c52b20,0x00000000e4c80000)
  to   space 19456K, 0% used [0x00000000e2680000,0x00000000e2680000,0x00000000e3980000)
 ParOldGen       total 81408K, used 35994K [0x0000000080000000, 0x0000000084f80000, 0x00000000d5580000)
  object space 81408K, 44% used [0x0000000080000000,0x0000000082326a10,0x0000000084f80000)
 Metaspace       used 64005K, capacity 67104K, committed 67352K, reserved 1107968K
  class space    used 8872K, capacity 9468K, committed 9520K, reserved 1048576K
}
Event: 25.909 GC heap before
{Heap before GC invocations=20 (full 3):
 PSYoungGen      total 220160K, used 218293K [0x00000000d5580000, 0x00000000e4c80000, 0x0000000100000000)
  eden space 204800K, 99% used [0x00000000d5580000,0x00000000e1bdab20,0x00000000e1d80000)
  from space 15360K, 98% used [0x00000000e3d80000,0x00000000e4c52b20,0x00000000e4c80000)
  to   space 19456K, 0% used [0x00000000e2680000,0x00000000e2680000,0x00000000e3980000)
 ParOldGen       total 81408K, used 35994K [0x0000000080000000, 0x0000000084f80000, 0x00000000d5580000)
  object space 81408K, 44% used [0x0000000080000000,0x0000000082326a10,0x0000000084f80000)
 Metaspace       used 66071K, capacity 69386K, committed 69656K, reserved 1110016K
  class space    used 9071K, capacity 9705K, committed 9776K, reserved 1048576K
Event: 25.990 GC heap after
Heap after GC invocations=20 (full 3):
 PSYoungGen      total 233472K, used 19447K [0x00000000d5580000, 0x00000000e7a00000, 0x0000000100000000)
  eden space 214016K, 0% used [0x00000000d5580000,0x00000000d5580000,0x00000000e2680000)
  from space 19456K, 99% used [0x00000000e2680000,0x00000000e397de38,0x00000000e3980000)
  to   space 31232K, 0% used [0x00000000e5b80000,0x00000000e5b80000,0x00000000e7a00000)
 ParOldGen       total 81408K, used 59927K [0x0000000080000000, 0x0000000084f80000, 0x00000000d5580000)
  object space 81408K, 73% used [0x0000000080000000,0x0000000083a85e30,0x0000000084f80000)
 Metaspace       used 66071K, capacity 69386K, committed 69656K, reserved 1110016K
  class space    used 9071K, capacity 9705K, committed 9776K, reserved 1048576K
}
Event: 33.581 GC heap before
{Heap before GC invocations=21 (full 3):
 PSYoungGen      total 233472K, used 233463K [0x00000000d5580000, 0x00000000e7a00000, 0x0000000100000000)
  eden space 214016K, 100% used [0x00000000d5580000,0x00000000e2680000,0x00000000e2680000)
  from space 19456K, 99% used [0x00000000e2680000,0x00000000e397de38,0x00000000e3980000)
  to   space 31232K, 0% used [0x00000000e5b80000,0x00000000e5b80000,0x00000000e7a00000)
 ParOldGen       total 81408K, used 59927K [0x0000000080000000, 0x0000000084f80000, 0x00000000d5580000)
  object space 81408K, 73% used [0x0000000080000000,0x0000000083a85e30,0x0000000084f80000)
 Metaspace       used 70838K, capacity 74374K, committed 74648K, reserved 1114112K
  class space    used 9629K, capacity 10309K, committed 10416K, reserved 1048576K
Event: 33.626 GC heap after
Heap after GC invocations=21 (full 3):
 PSYoungGen      total 268288K, used 16854K [0x00000000d5580000, 0x00000000e8100000, 0x0000000100000000)
  eden space 237056K, 0% used [0x00000000d5580000,0x00000000d5580000,0x00000000e3d00000)
  from space 31232K, 53% used [0x00000000e5b80000,0x00000000e6bf58b8,0x00000000e7a00000)
  to   space 31232K, 0% used [0x00000000e3d00000,0x00000000e3d00000,0x00000000e5b80000)
 ParOldGen       total 81408K, used 77908K [0x0000000080000000, 0x0000000084f80000, 0x00000000d5580000)
  object space 81408K, 95% used [0x0000000080000000,0x0000000084c15230,0x0000000084f80000)
 Metaspace       used 70838K, capacity 74374K, committed 74648K, reserved 1114112K
  class space    used 9629K, capacity 10309K, committed 10416K, reserved 1048576K
}
Event: 33.627 GC heap before
{Heap before GC invocations=22 (full 4):
 PSYoungGen      total 268288K, used 16854K [0x00000000d5580000, 0x00000000e8100000, 0x0000000100000000)
  eden space 237056K, 0% used [0x00000000d5580000,0x00000000d5580000,0x00000000e3d00000)
  from space 31232K, 53% used [0x00000000e5b80000,0x00000000e6bf58b8,0x00000000e7a00000)
  to   space 31232K, 0% used [0x00000000e3d00000,0x00000000e3d00000,0x00000000e5b80000)
 ParOldGen       total 81408K, used 77908K [0x0000000080000000, 0x0000000084f80000, 0x00000000d5580000)
  object space 81408K, 95% used [0x0000000080000000,0x0000000084c15230,0x0000000084f80000)
 Metaspace       used 70838K, capacity 74374K, committed 74648K, reserved 1114112K
  class space    used 9629K, capacity 10309K, committed 10416K, reserved 1048576K
Event: 34.101 GC heap after
Heap after GC invocations=22 (full 4):
 PSYoungGen      total 268288K, used 0K [0x00000000d5580000, 0x00000000e8100000, 0x0000000100000000)
  eden space 237056K, 0% used [0x00000000d5580000,0x00000000d5580000,0x00000000e3d00000)
  from space 31232K, 0% used [0x00000000e5b80000,0x00000000e5b80000,0x00000000e7a00000)
  to   space 31232K, 0% used [0x00000000e3d00000,0x00000000e3d00000,0x00000000e5b80000)
 ParOldGen       total 129536K, used 57635K [0x0000000080000000, 0x0000000087e80000, 0x00000000d5580000)
  object space 129536K, 44% used [0x0000000080000000,0x0000000083848f60,0x0000000087e80000)
 Metaspace       used 70685K, capacity 73934K, committed 74648K, reserved 1114112K
  class space    used 9581K, capacity 10223K, committed 10416K, reserved 1048576K
}
Event: 38.526 GC heap before
{Heap before GC invocations=23 (full 4):
 PSYoungGen      total 268288K, used 237042K [0x00000000d5580000, 0x00000000e8100000, 0x0000000100000000)
  eden space 237056K, 99% used [0x00000000d5580000,0x00000000e3cfc980,0x00000000e3d00000)
  from space 31232K, 0% used [0x00000000e5b80000,0x00000000e5b80000,0x00000000e7a00000)
  to   space 31232K, 0% used [0x00000000e3d00000,0x00000000e3d00000,0x00000000e5b80000)
 ParOldGen       total 129536K, used 57635K [0x0000000080000000, 0x0000000087e80000, 0x00000000d5580000)
  object space 129536K, 44% used [0x0000000080000000,0x0000000083848f60,0x0000000087e80000)
 Metaspace       used 84884K, capacity 89508K, committed 89752K, reserved 1126400K
  class space    used 11537K, capacity 12395K, committed 12464K, reserved 1048576K
Event: 38.608 GC heap after
Heap after GC invocations=23 (full 4):
 PSYoungGen      total 268288K, used 26005K [0x00000000d5580000, 0x00000000e8100000, 0x0000000100000000)
  eden space 237056K, 0% used [0x00000000d5580000,0x00000000d5580000,0x00000000e3d00000)
  from space 31232K, 83% used [0x00000000e3d00000,0x00000000e5665558,0x00000000e5b80000)
  to   space 31232K, 0% used [0x00000000e5b80000,0x00000000e5b80000,0x00000000e7a00000)
 ParOldGen       total 129536K, used 57651K [0x0000000080000000, 0x0000000087e80000, 0x00000000d5580000)
  object space 129536K, 44% used [0x0000000080000000,0x000000008384cf60,0x0000000087e80000)
 Metaspace       used 84884K, capacity 89508K, committed 89752K, reserved 1126400K
  class space    used 11537K, capacity 12395K, committed 12464K, reserved 1048576K
}

