# JRE version: OpenJDK Runtime Environment (8.0_242-b01) (build 1.8.0_242-release-1644-b01)
# Java VM: OpenJDK 64-Bit Server VM (25.242-b01 mixed mode windows-amd64 compressed oops)
Heap:
 PSYoungGen      total 238080K, used 47180K [0x00000000d5580000, 0x00000000e5f00000, 0x0000000100000000)
  eden space 222720K, 14% used [0x00000000d5580000,0x00000000d7497b18,0x00000000e2f00000)
  from space 15360K, 99% used [0x00000000e4480000,0x00000000e537b510,0x00000000e5380000)
  to   space 22016K, 0% used [0x00000000e2f00000,0x00000000e2f00000,0x00000000e4480000)
 ParOldGen       total 82944K, used 36462K [0x0000000080000000, 0x0000000085100000, 0x00000000d5580000)
  object space 82944K, 43% used [0x0000000080000000,0x000000008239b8a8,0x0000000085100000)
 Metaspace       used 64979K, capacity 68036K, committed 68248K, reserved 1107968K
  class space    used 8945K, capacity 9584K, committed 9648K, reserved 1048576K
GC Heap History (10 events):
Event: 9.590 GC heap before
{Heap before GC invocations=13 (full 2):
 PSYoungGen      total 184320K, used 171973K [0x00000000d5580000, 0x00000000e1c80000, 0x0000000100000000)
  eden space 172032K, 99% used [0x00000000d5580000,0x00000000dfd716c8,0x00000000dfd80000)
  from space 12288K, 0% used [0x00000000e0a00000,0x00000000e0a00000,0x00000000e1600000)
  to   space 12800K, 0% used [0x00000000dfd80000,0x00000000dfd80000,0x00000000e0a00000)
 ParOldGen       total 50176K, used 14761K [0x0000000080000000, 0x0000000083100000, 0x00000000d5580000)
  object space 50176K, 29% used [0x0000000080000000,0x0000000080e6a5f0,0x0000000083100000)
 Metaspace       used 44519K, capacity 46324K, committed 46632K, reserved 1089536K
  class space    used 6046K, capacity 6390K, committed 6448K, reserved 1048576K
Event: 9.619 GC heap after
Heap after GC invocations=13 (full 2):
 PSYoungGen      total 184832K, used 12790K [0x00000000d5580000, 0x00000000e5380000, 0x0000000100000000)
  eden space 172032K, 0% used [0x00000000d5580000,0x00000000d5580000,0x00000000dfd80000)
  from space 12800K, 99% used [0x00000000dfd80000,0x00000000e09fda50,0x00000000e0a00000)
  to   space 15360K, 0% used [0x00000000e4480000,0x00000000e4480000,0x00000000e5380000)
 ParOldGen       total 50176K, used 16949K [0x0000000080000000, 0x0000000083100000, 0x00000000d5580000)
  object space 50176K, 33% used [0x0000000080000000,0x000000008108d6e0,0x0000000083100000)
 Metaspace       used 44519K, capacity 46324K, committed 46632K, reserved 1089536K
  class space    used 6046K, capacity 6390K, committed 6448K, reserved 1048576K
}
Event: 13.033 GC heap before
{Heap before GC invocations=14 (full 2):
 PSYoungGen      total 184832K, used 184822K [0x00000000d5580000, 0x00000000e5380000, 0x0000000100000000)
  eden space 172032K, 100% used [0x00000000d5580000,0x00000000dfd80000,0x00000000dfd80000)
  from space 12800K, 99% used [0x00000000dfd80000,0x00000000e09fda50,0x00000000e0a00000)
  to   space 15360K, 0% used [0x00000000e4480000,0x00000000e4480000,0x00000000e5380000)
 ParOldGen       total 50176K, used 16949K [0x0000000080000000, 0x0000000083100000, 0x00000000d5580000)
  object space 50176K, 33% used [0x0000000080000000,0x000000008108d6e0,0x0000000083100000)
 Metaspace       used 56094K, capacity 58436K, committed 58664K, reserved 1099776K
  class space    used 7661K, capacity 8154K, committed 8240K, reserved 1048576K
Event: 13.095 GC heap after
Heap after GC invocations=14 (full 2):
 PSYoungGen      total 238080K, used 15352K [0x00000000d5580000, 0x00000000e5f00000, 0x0000000100000000)
  eden space 222720K, 0% used [0x00000000d5580000,0x00000000d5580000,0x00000000e2f00000)
  from space 15360K, 99% used [0x00000000e4480000,0x00000000e537e130,0x00000000e5380000)
  to   space 22016K, 0% used [0x00000000e2f00000,0x00000000e2f00000,0x00000000e4480000)
 ParOldGen       total 50176K, used 28505K [0x0000000080000000, 0x0000000083100000, 0x00000000d5580000)
  object space 50176K, 56% used [0x0000000080000000,0x0000000081bd67c0,0x0000000083100000)
 Metaspace       used 56094K, capacity 58436K, committed 58664K, reserved 1099776K
  class space    used 7661K, capacity 8154K, committed 8240K, reserved 1048576K
}
Event: 13.482 GC heap before
{Heap before GC invocations=15 (full 2):
 PSYoungGen      total 238080K, used 27086K [0x00000000d5580000, 0x00000000e5f00000, 0x0000000100000000)
  eden space 222720K, 5% used [0x00000000d5580000,0x00000000d60f58c8,0x00000000e2f00000)
  from space 15360K, 99% used [0x00000000e4480000,0x00000000e537e130,0x00000000e5380000)
  to   space 22016K, 0% used [0x00000000e2f00000,0x00000000e2f00000,0x00000000e4480000)
 ParOldGen       total 50176K, used 28505K [0x0000000080000000, 0x0000000083100000, 0x00000000d5580000)
  object space 50176K, 56% used [0x0000000080000000,0x0000000081bd67c0,0x0000000083100000)
 Metaspace       used 56794K, capacity 59152K, committed 59160K, reserved 1099776K
  class space    used 7779K, capacity 8236K, committed 8240K, reserved 1048576K
Event: 13.506 GC heap after
Heap after GC invocations=15 (full 2):
 PSYoungGen      total 244736K, used 1184K [0x00000000d5580000, 0x00000000e5f00000, 0x0000000100000000)
  eden space 222720K, 0% used [0x00000000d5580000,0x00000000d5580000,0x00000000e2f00000)
  from space 22016K, 5% used [0x00000000e2f00000,0x00000000e3028000,0x00000000e4480000)
  to   space 15360K, 0% used [0x00000000e4480000,0x00000000e4480000,0x00000000e5380000)
 ParOldGen       total 50176K, used 40933K [0x0000000080000000, 0x0000000083100000, 0x00000000d5580000)
  object space 50176K, 81% used [0x0000000080000000,0x00000000827f9740,0x0000000083100000)
 Metaspace       used 56794K, capacity 59152K, committed 59160K, reserved 1099776K
  class space    used 7779K, capacity 8236K, committed 8240K, reserved 1048576K
}
Event: 13.506 GC heap before
{Heap before GC invocations=16 (full 3):
 PSYoungGen      total 244736K, used 1184K [0x00000000d5580000, 0x00000000e5f00000, 0x0000000100000000)
  eden space 222720K, 0% used [0x00000000d5580000,0x00000000d5580000,0x00000000e2f00000)
  from space 22016K, 5% used [0x00000000e2f00000,0x00000000e3028000,0x00000000e4480000)
  to   space 15360K, 0% used [0x00000000e4480000,0x00000000e4480000,0x00000000e5380000)
 ParOldGen       total 50176K, used 40933K [0x0000000080000000, 0x0000000083100000, 0x00000000d5580000)
  object space 50176K, 81% used [0x0000000080000000,0x00000000827f9740,0x0000000083100000)
 Metaspace       used 56794K, capacity 59152K, committed 59160K, reserved 1099776K
  class space    used 7779K, capacity 8236K, committed 8240K, reserved 1048576K
Event: 13.819 GC heap after
Heap after GC invocations=16 (full 3):
 PSYoungGen      total 244736K, used 0K [0x00000000d5580000, 0x00000000e5f00000, 0x0000000100000000)
  eden space 222720K, 0% used [0x00000000d5580000,0x00000000d5580000,0x00000000e2f00000)
  from space 22016K, 0% used [0x00000000e2f00000,0x00000000e2f00000,0x00000000e4480000)
  to   space 15360K, 0% used [0x00000000e4480000,0x00000000e4480000,0x00000000e5380000)
 ParOldGen       total 82944K, used 32308K [0x0000000080000000, 0x0000000085100000, 0x00000000d5580000)
  object space 82944K, 38% used [0x0000000080000000,0x0000000081f8d060,0x0000000085100000)
 Metaspace       used 56765K, capacity 59056K, committed 59160K, reserved 1099776K
  class space    used 7771K, capacity 8220K, committed 8240K, reserved 1048576K
}
Event: 20.223 GC heap before
{Heap before GC invocations=17 (full 3):
 PSYoungGen      total 244736K, used 222720K [0x00000000d5580000, 0x00000000e5f00000, 0x0000000100000000)
  eden space 222720K, 100% used [0x00000000d5580000,0x00000000e2f00000,0x00000000e2f00000)
  from space 22016K, 0% used [0x00000000e2f00000,0x00000000e2f00000,0x00000000e4480000)
  to   space 15360K, 0% used [0x00000000e4480000,0x00000000e4480000,0x00000000e5380000)
 ParOldGen       total 82944K, used 32308K [0x0000000080000000, 0x0000000085100000, 0x00000000d5580000)
  object space 82944K, 38% used [0x0000000080000000,0x0000000081f8d060,0x0000000085100000)
 Metaspace       used 64908K, capacity 68036K, committed 68248K, reserved 1107968K
  class space    used 8945K, capacity 9584K, committed 9648K, reserved 1048576K
Event: 20.259 GC heap after
Heap after GC invocations=17 (full 3):
 PSYoungGen      total 238080K, used 15341K [0x00000000d5580000, 0x00000000e5f00000, 0x0000000100000000)
  eden space 222720K, 0% used [0x00000000d5580000,0x00000000d5580000,0x00000000e2f00000)
  from space 15360K, 99% used [0x00000000e4480000,0x00000000e537b510,0x00000000e5380000)
  to   space 22016K, 0% used [0x00000000e2f00000,0x00000000e2f00000,0x00000000e4480000)
 ParOldGen       total 82944K, used 36462K [0x0000000080000000, 0x0000000085100000, 0x00000000d5580000)
  object space 82944K, 43% used [0x0000000080000000,0x000000008239b8a8,0x0000000085100000)
 Metaspace       used 64908K, capacity 68036K, committed 68248K, reserved 1107968K
  class space    used 8945K, capacity 9584K, committed 9648K, reserved 1048576K
}

