# JRE version: OpenJDK Runtime Environment (8.0_242-b01) (build 1.8.0_242-release-1644-b01)
# Java VM: OpenJDK 64-Bit Server VM (25.242-b01 mixed mode windows-amd64 compressed oops)
Heap:
 PSYoungGen      total 244736K, used 41446K [0x00000000d5580000, 0x00000000e6300000, 0x0000000100000000)
  eden space 221184K, 8% used [0x00000000d5580000,0x00000000d66fa310,0x00000000e2d80000)
  from space 23552K, 99% used [0x00000000e2d80000,0x00000000e447f658,0x00000000e4480000)
  to   space 17408K, 0% used [0x00000000e4480000,0x00000000e4480000,0x00000000e5580000)
 ParOldGen       total 102912K, used 53559K [0x0000000080000000, 0x0000000086480000, 0x00000000d5580000)
  object space 102912K, 52% used [0x0000000080000000,0x000000008344dd80,0x0000000086480000)
 Metaspace       used 65392K, capacity 68532K, committed 68760K, reserved 1107968K
  class space    used 9030K, capacity 9628K, committed 9648K, reserved 1048576K
GC Heap History (10 events):
Event: 6.845 GC heap before
{Heap before GC invocations=10 (full 2):
 PSYoungGen      total 196608K, used 8329K [0x00000000d5580000, 0x00000000e2b00000, 0x0000000100000000)
  eden space 182784K, 0% used [0x00000000d5580000,0x00000000d5580000,0x00000000e0800000)
  from space 13824K, 60% used [0x00000000e1580000,0x00000000e1da2490,0x00000000e2300000)
  to   space 13824K, 0% used [0x00000000e0800000,0x00000000e0800000,0x00000000e1580000)
 ParOldGen       total 40448K, used 14029K [0x0000000080000000, 0x0000000082780000, 0x00000000d5580000)
  object space 40448K, 34% used [0x0000000080000000,0x0000000080db3700,0x0000000082780000)
 Metaspace       used 34300K, capacity 35406K, committed 35496K, reserved 1079296K
  class space    used 4720K, capacity 5002K, committed 5040K, reserved 1048576K
Event: 6.905 GC heap after
Heap after GC invocations=10 (full 2):
 PSYoungGen      total 196608K, used 0K [0x00000000d5580000, 0x00000000e2b00000, 0x0000000100000000)
  eden space 182784K, 0% used [0x00000000d5580000,0x00000000d5580000,0x00000000e0800000)
  from space 13824K, 0% used [0x00000000e1580000,0x00000000e1580000,0x00000000e2300000)
  to   space 13824K, 0% used [0x00000000e0800000,0x00000000e0800000,0x00000000e1580000)
 ParOldGen       total 60416K, used 14745K [0x0000000080000000, 0x0000000083b00000, 0x00000000d5580000)
  object space 60416K, 24% used [0x0000000080000000,0x0000000080e664a0,0x0000000083b00000)
 Metaspace       used 34300K, capacity 35406K, committed 35496K, reserved 1079296K
  class space    used 4720K, capacity 5002K, committed 5040K, reserved 1048576K
}
Event: 9.927 GC heap before
{Heap before GC invocations=11 (full 2):
 PSYoungGen      total 196608K, used 182784K [0x00000000d5580000, 0x00000000e2b00000, 0x0000000100000000)
  eden space 182784K, 100% used [0x00000000d5580000,0x00000000e0800000,0x00000000e0800000)
  from space 13824K, 0% used [0x00000000e1580000,0x00000000e1580000,0x00000000e2300000)
  to   space 13824K, 0% used [0x00000000e0800000,0x00000000e0800000,0x00000000e1580000)
 ParOldGen       total 60416K, used 14745K [0x0000000080000000, 0x0000000083b00000, 0x00000000d5580000)
  object space 60416K, 24% used [0x0000000080000000,0x0000000080e664a0,0x0000000083b00000)
 Metaspace       used 45428K, capacity 47230K, committed 47528K, reserved 1089536K
  class space    used 6144K, capacity 6495K, committed 6576K, reserved 1048576K
Event: 9.957 GC heap after
Heap after GC invocations=11 (full 2):
 PSYoungGen      total 196608K, used 13820K [0x00000000d5580000, 0x00000000e5580000, 0x0000000100000000)
  eden space 182784K, 0% used [0x00000000d5580000,0x00000000d5580000,0x00000000e0800000)
  from space 13824K, 99% used [0x00000000e0800000,0x00000000e157f018,0x00000000e1580000)
  to   space 17408K, 0% used [0x00000000e4480000,0x00000000e4480000,0x00000000e5580000)
 ParOldGen       total 60416K, used 17951K [0x0000000080000000, 0x0000000083b00000, 0x00000000d5580000)
  object space 60416K, 29% used [0x0000000080000000,0x0000000081187d78,0x0000000083b00000)
 Metaspace       used 45428K, capacity 47230K, committed 47528K, reserved 1089536K
  class space    used 6144K, capacity 6495K, committed 6576K, reserved 1048576K
}
Event: 13.463 GC heap before
{Heap before GC invocations=12 (full 2):
 PSYoungGen      total 196608K, used 189063K [0x00000000d5580000, 0x00000000e5580000, 0x0000000100000000)
  eden space 182784K, 95% used [0x00000000d5580000,0x00000000e00a2de0,0x00000000e0800000)
  from space 13824K, 99% used [0x00000000e0800000,0x00000000e157f018,0x00000000e1580000)
  to   space 17408K, 0% used [0x00000000e4480000,0x00000000e4480000,0x00000000e5580000)
 ParOldGen       total 60416K, used 17951K [0x0000000080000000, 0x0000000083b00000, 0x00000000d5580000)
  object space 60416K, 29% used [0x0000000080000000,0x0000000081187d78,0x0000000083b00000)
 Metaspace       used 56747K, capacity 59122K, committed 59160K, reserved 1099776K
  class space    used 7775K, capacity 8239K, committed 8240K, reserved 1048576K
Event: 13.520 GC heap after
Heap after GC invocations=12 (full 2):
 PSYoungGen      total 238592K, used 17404K [0x00000000d5580000, 0x00000000e6300000, 0x0000000100000000)
  eden space 221184K, 0% used [0x00000000d5580000,0x00000000d5580000,0x00000000e2d80000)
  from space 17408K, 99% used [0x00000000e4480000,0x00000000e557f320,0x00000000e5580000)
  to   space 23552K, 0% used [0x00000000e2d80000,0x00000000e2d80000,0x00000000e4480000)
 ParOldGen       total 60416K, used 28139K [0x0000000080000000, 0x0000000083b00000, 0x00000000d5580000)
  object space 60416K, 46% used [0x0000000080000000,0x0000000081b7af88,0x0000000083b00000)
 Metaspace       used 56747K, capacity 59122K, committed 59160K, reserved 1099776K
  class space    used 7775K, capacity 8239K, committed 8240K, reserved 1048576K
}
Event: 13.520 GC heap before
{Heap before GC invocations=13 (full 3):
 PSYoungGen      total 238592K, used 17404K [0x00000000d5580000, 0x00000000e6300000, 0x0000000100000000)
  eden space 221184K, 0% used [0x00000000d5580000,0x00000000d5580000,0x00000000e2d80000)
  from space 17408K, 99% used [0x00000000e4480000,0x00000000e557f320,0x00000000e5580000)
  to   space 23552K, 0% used [0x00000000e2d80000,0x00000000e2d80000,0x00000000e4480000)
 ParOldGen       total 60416K, used 28139K [0x0000000080000000, 0x0000000083b00000, 0x00000000d5580000)
  object space 60416K, 46% used [0x0000000080000000,0x0000000081b7af88,0x0000000083b00000)
 Metaspace       used 56747K, capacity 59122K, committed 59160K, reserved 1099776K
  class space    used 7775K, capacity 8239K, committed 8240K, reserved 1048576K
Event: 13.751 GC heap after
Heap after GC invocations=13 (full 3):
 PSYoungGen      total 238592K, used 0K [0x00000000d5580000, 0x00000000e6300000, 0x0000000100000000)
  eden space 221184K, 0% used [0x00000000d5580000,0x00000000d5580000,0x00000000e2d80000)
  from space 17408K, 0% used [0x00000000e4480000,0x00000000e4480000,0x00000000e5580000)
  to   space 23552K, 0% used [0x00000000e2d80000,0x00000000e2d80000,0x00000000e4480000)
 ParOldGen       total 102912K, used 39343K [0x0000000080000000, 0x0000000086480000, 0x00000000d5580000)
  object space 102912K, 38% used [0x0000000080000000,0x000000008266bc40,0x0000000086480000)
 Metaspace       used 56702K, capacity 58972K, committed 59160K, reserved 1099776K
  class space    used 7762K, capacity 8214K, committed 8240K, reserved 1048576K
}
Event: 19.352 GC heap before
{Heap before GC invocations=14 (full 3):
 PSYoungGen      total 238592K, used 220573K [0x00000000d5580000, 0x00000000e6300000, 0x0000000100000000)
  eden space 221184K, 99% used [0x00000000d5580000,0x00000000e2ce74d0,0x00000000e2d80000)
  from space 17408K, 0% used [0x00000000e4480000,0x00000000e4480000,0x00000000e5580000)
  to   space 23552K, 0% used [0x00000000e2d80000,0x00000000e2d80000,0x00000000e4480000)
 ParOldGen       total 102912K, used 39343K [0x0000000080000000, 0x0000000086480000, 0x00000000d5580000)
  object space 102912K, 38% used [0x0000000080000000,0x000000008266bc40,0x0000000086480000)
 Metaspace       used 65153K, capacity 68268K, committed 68504K, reserved 1107968K
  class space    used 8993K, capacity 9616K, committed 9648K, reserved 1048576K
Event: 19.427 GC heap after
Heap after GC invocations=14 (full 3):
 PSYoungGen      total 244736K, used 23549K [0x00000000d5580000, 0x00000000e6300000, 0x0000000100000000)
  eden space 221184K, 0% used [0x00000000d5580000,0x00000000d5580000,0x00000000e2d80000)
  from space 23552K, 99% used [0x00000000e2d80000,0x00000000e447f658,0x00000000e4480000)
  to   space 17408K, 0% used [0x00000000e4480000,0x00000000e4480000,0x00000000e5580000)
 ParOldGen       total 102912K, used 53559K [0x0000000080000000, 0x0000000086480000, 0x00000000d5580000)
  object space 102912K, 52% used [0x0000000080000000,0x000000008344dd80,0x0000000086480000)
 Metaspace       used 65153K, capacity 68268K, committed 68504K, reserved 1107968K
  class space    used 8993K, capacity 9616K, committed 9648K, reserved 1048576K
}

